#
# There is insufficient memory for the Java Runtime Environment to continue.
# Native memory allocation (mmap) failed to map 117440512 bytes for G1 virtual space
# Possible reasons:
#   The system is out of physical RAM or swap space
#   The process is running with CompressedOops enabled, and the Java Heap may be blocking the growth of the native heap
# Possible solutions:
#   Reduce memory load on the system
#   Increase physical memory or swap space
#   Check if swap backing store is full
#   Decrease Java heap size (-Xmx/-Xms)
#   Decrease number of Java threads
#   Decrease Java thread stack sizes (-Xss)
#   Set larger code cache with -XX:ReservedCodeCacheSize=
#   JVM is running with Unscaled Compressed Oops mode in which the Java heap is
#     placed in the first 4GB address space. The Java Heap base address is the
#     maximum limit for the native heap growth. Please use -XX:HeapBaseMinAddress
#     to set the Java Heap base and to place the Java Heap above 4GB virtual address.
# This output file may be truncated or incomplete.
#
#  Out of Memory Error (os_windows.cpp:3829), pid=18528, tid=18240
#
# JRE version:  (17.0.8+7) (build )
# Java VM: OpenJDK 64-Bit Server VM (17.0.8+7-b1000.8, mixed mode, sharing, tiered, compressed oops, compressed class ptrs, g1 gc, windows-amd64)
# No core dump will be written. Minidumps are not enabled by default on client versions of Windows
#

---------------  S U M M A R Y ------------

Command Line: git4idea.http.GitAskPassApp Username for 'https://github.com': 

Host: AMD Ryzen 7 3700U with Radeon Vega Mobile Gfx  , 8 cores, 6G,  Windows 10 , 64 bit Build 19041 (10.0.19041.3570)
Time: Mon Nov  6 12:04:08 2023 Rom, normaltid elapsed time: 0.022511 seconds (0d 0h 0m 0s)

---------------  T H R E A D  ---------------

Current thread (0x000002ad27becc30):  JavaThread "Unknown thread" [_thread_in_vm, id=18240, stack(0x000000f2eb200000,0x000000f2eb300000)]

Stack: [0x000000f2eb200000,0x000000f2eb300000]
Native frames: (J=compiled Java code, j=interpreted, Vv=VM code, C=native code)
V  [jvm.dll+0x6852da]
V  [jvm.dll+0x844c84]
V  [jvm.dll+0x84659e]
V  [jvm.dll+0x846c03]
V  [jvm.dll+0x24b7cf]
V  [jvm.dll+0x682049]
V  [jvm.dll+0x67671a]
V  [jvm.dll+0x30be2b]
V  [jvm.dll+0x3132d6]
V  [jvm.dll+0x36302e]
V  [jvm.dll+0x36325f]
V  [jvm.dll+0x2e1f48]
V  [jvm.dll+0x2e2eb4]
V  [jvm.dll+0x815c11]
V  [jvm.dll+0x370df1]
V  [jvm.dll+0x7f4fdc]
V  [jvm.dll+0x3f3f1f]
V  [jvm.dll+0x3f5b31]
C  [jli.dll+0x528f]
C  [ucrtbase.dll+0x21bb2]
C  [KERNEL32.DLL+0x17344]
C  [ntdll.dll+0x526b1]


---------------  P R O C E S S  ---------------

Threads class SMR info:
_java_thread_list=0x00007ffd6ff00098, length=0, elements={
}

Java Threads: ( => current thread )

Other Threads:
  0x000002ad27c3f320 GCTaskThread "GC Thread#0" [stack: 0x000000f2eb300000,0x000000f2eb400000] [id=5616]
  0x000002ad27c4e070 ConcurrentGCThread "G1 Main Marker" [stack: 0x000000f2eb400000,0x000000f2eb500000] [id=14364]
  0x000002ad27c4f220 ConcurrentGCThread "G1 Conc#0" [stack: 0x000000f2eb500000,0x000000f2eb600000] [id=6180]

[error occurred during error reporting (printing all threads), id 0xc0000005, EXCEPTION_ACCESS_VIOLATION (0xc0000005) at pc=0x00007ffd6f6b2ab7]

VM state: not at safepoint (not fully initialized)

VM Mutex/Monitor currently owned by a thread:  ([mutex/lock_event])
[0x000002ad27bebae0] Heap_lock - owner thread: 0x000002ad27becc30

Heap address: 0x0000000091000000, size: 1776 MB, Compressed Oops mode: 32-bit

CDS archive(s) mapped at: [0x0000000000000000-0x0000000000000000-0x0000000000000000), size 0, SharedBaseAddress: 0x0000000800000000, ArchiveRelocationMode: 1.
Narrow klass base: 0x0000000000000000, Narrow klass shift: 0, Narrow klass range: 0x0

GC Precious Log:
<Empty>

Heap:
 garbage-first heap   total 0K, used 0K [0x0000000091000000, 0x0000000100000000)
  region size 1024K, 0 young (0K), 0 survivors (0K)
 Metaspace       used 0K, committed 0K, reserved 0K
  class space    used 0K, committed 0K, reserved 0K

Heap Regions: E=young(eden), S=young(survivor), O=old, HS=humongous(starts), HC=humongous(continues), CS=collection set, F=free, OA=open archive, CA=closed archive, TAMS=top-at-mark-start (previous, next)

Card table byte_map: [0x000002ad3aa10000,0x000002ad3ad90000] _byte_map_base: 0x000002ad3a588000

Marking Bits (Prev, Next): (CMBitMap*) 0x000002ad27c3f940, (CMBitMap*) 0x000002ad27c3f980
 Prev Bits: [0x000002ad3b110000, 0x000002ad3ccd0000)
 Next Bits: [0x000002ad3ccd0000, 0x000002ad3e890000)

GC Heap History (0 events):
No events

Dll operation events (1 events):
Event: 0.014 Loaded shared library C:\Program Files\JetBrains\JetBrains Rider 2023.2.1\jbr\bin\java.dll

Deoptimization events (0 events):
No events

Classes unloaded (0 events):
No events

Classes redefined (0 events):
No events

Internal exceptions (0 events):
No events

VM Operations (0 events):
No events

Events (0 events):
No events


Dynamic libraries:
0x00007ff6e11f0000 - 0x00007ff6e11fa000 	C:\Program Files\JetBrains\JetBrains Rider 2023.2.1\jbr\bin\java.exe
0x00007ffdc1910000 - 0x00007ffdc1b07000 	C:\WINDOWS\SYSTEM32\ntdll.dll
0x00007ffdbfbd0000 - 0x00007ffdbfc8d000 	C:\WINDOWS\System32\KERNEL32.DLL
0x00007ffdbf1c0000 - 0x00007ffdbf4b6000 	C:\WINDOWS\System32\KERNELBASE.dll
0x00007ffdbf870000 - 0x00007ffdbf970000 	C:\WINDOWS\System32\ucrtbase.dll
0x00007ffda11f0000 - 0x00007ffda1207000 	C:\Program Files\JetBrains\JetBrains Rider 2023.2.1\jbr\bin\jli.dll
0x00007ffdc15b0000 - 0x00007ffdc174e000 	C:\WINDOWS\System32\USER32.dll
0x00007ffdb6cc0000 - 0x00007ffdb6cdb000 	C:\Program Files\JetBrains\JetBrains Rider 2023.2.1\jbr\bin\VCRUNTIME140.dll
0x00007ffdbe370000 - 0x00007ffdbe60a000 	C:\WINDOWS\WinSxS\amd64_microsoft.windows.common-controls_6595b64144ccf1df_6.0.19041.3570_none_60bb2a3971f3e41a\COMCTL32.dll
0x00007ffdbf5c0000 - 0x00007ffdbf5e2000 	C:\WINDOWS\System32\win32u.dll
0x00007ffdc1750000 - 0x00007ffdc177c000 	C:\WINDOWS\System32\GDI32.dll
0x00007ffdc1510000 - 0x00007ffdc15ae000 	C:\WINDOWS\System32\msvcrt.dll
0x00007ffdbf5f0000 - 0x00007ffdbf70a000 	C:\WINDOWS\System32\gdi32full.dll
0x00007ffdbf710000 - 0x00007ffdbf7ad000 	C:\WINDOWS\System32\msvcp_win.dll
0x00007ffdc1780000 - 0x00007ffdc17b0000 	C:\WINDOWS\System32\IMM32.DLL
0x00007ffdbeb60000 - 0x00007ffdbeb6c000 	C:\Program Files\JetBrains\JetBrains Rider 2023.2.1\jbr\bin\vcruntime140_1.dll
0x00007ffda1100000 - 0x00007ffda118d000 	C:\Program Files\JetBrains\JetBrains Rider 2023.2.1\jbr\bin\msvcp140.dll
0x00007ffd6f3c0000 - 0x00007ffd70043000 	C:\Program Files\JetBrains\JetBrains Rider 2023.2.1\jbr\bin\server\jvm.dll
0x00007ffdbfa50000 - 0x00007ffdbfafe000 	C:\WINDOWS\System32\ADVAPI32.dll
0x00007ffdbfc90000 - 0x00007ffdbfd2c000 	C:\WINDOWS\System32\sechost.dll
0x00007ffdbfe20000 - 0x00007ffdbff46000 	C:\WINDOWS\System32\RPCRT4.dll
0x00007ffdb3f30000 - 0x00007ffdb3f57000 	C:\WINDOWS\SYSTEM32\WINMM.dll
0x00007ffdb5ec0000 - 0x00007ffdb5eca000 	C:\WINDOWS\SYSTEM32\VERSION.dll
0x00007ffd9fff0000 - 0x00007ffd9fff9000 	C:\WINDOWS\SYSTEM32\WSOCK32.dll
0x00007ffdbee50000 - 0x00007ffdbee9b000 	C:\WINDOWS\SYSTEM32\POWRPROF.dll
0x00007ffdc0770000 - 0x00007ffdc07db000 	C:\WINDOWS\System32\WS2_32.dll
0x00007ffdbee30000 - 0x00007ffdbee42000 	C:\WINDOWS\SYSTEM32\UMPDC.dll
0x00007ffdbcb20000 - 0x00007ffdbcb32000 	C:\WINDOWS\SYSTEM32\kernel.appcore.dll
0x00007ffdb6490000 - 0x00007ffdb649a000 	C:\Program Files\JetBrains\JetBrains Rider 2023.2.1\jbr\bin\jimage.dll
0x00007ffdbe900000 - 0x00007ffdbeae4000 	C:\WINDOWS\SYSTEM32\DBGHELP.DLL
0x00007ffdbe8c0000 - 0x00007ffdbe8f4000 	C:\WINDOWS\SYSTEM32\dbgcore.DLL
0x00007ffdbf7b0000 - 0x00007ffdbf832000 	C:\WINDOWS\System32\bcryptPrimitives.dll
0x00007ffdb6440000 - 0x00007ffdb6465000 	C:\Program Files\JetBrains\JetBrains Rider 2023.2.1\jbr\bin\java.dll

dbghelp: loaded successfully - version: 4.0.5 - missing functions: none
symbol engine: initialized successfully - sym options: 0x614 - pdb path: .;C:\Program Files\JetBrains\JetBrains Rider 2023.2.1\jbr\bin;C:\WINDOWS\SYSTEM32;C:\WINDOWS\WinSxS\amd64_microsoft.windows.common-controls_6595b64144ccf1df_6.0.19041.3570_none_60bb2a3971f3e41a;C:\Program Files\JetBrains\JetBrains Rider 2023.2.1\jbr\bin\server

VM Arguments:
java_command: git4idea.http.GitAskPassApp Username for 'https://github.com': 
java_class_path (initial): C:/Program Files/JetBrains/JetBrains Rider 2023.2.1/plugins/vcs-git/lib/git4idea-rt.jar;C:/Program Files/JetBrains/JetBrains Rider 2023.2.1/lib/externalProcess-rt.jar
Launcher Type: SUN_STANDARD

[Global flags]
     intx CICompilerCount                          = 4                                         {product} {ergonomic}
     uint ConcGCThreads                            = 2                                         {product} {ergonomic}
     uint G1ConcRefinementThreads                  = 8                                         {product} {ergonomic}
   size_t G1HeapRegionSize                         = 1048576                                   {product} {ergonomic}
    uintx GCDrainStackTargetSize                   = 64                                        {product} {ergonomic}
   size_t InitialHeapSize                          = 117440512                                 {product} {ergonomic}
   size_t MarkStackSize                            = 4194304                                   {product} {ergonomic}
   size_t MaxHeapSize                              = 1862270976                                {product} {ergonomic}
   size_t MinHeapDeltaBytes                        = 1048576                                   {product} {ergonomic}
   size_t MinHeapSize                              = 8388608                                   {product} {ergonomic}
    uintx NonNMethodCodeHeapSize                   = 5839372                                {pd product} {ergonomic}
    uintx NonProfiledCodeHeapSize                  = 122909434                              {pd product} {ergonomic}
    uintx ProfiledCodeHeapSize                     = 122909434                              {pd product} {ergonomic}
    uintx ReservedCodeCacheSize                    = 251658240                              {pd product} {ergonomic}
     bool SegmentedCodeCache                       = true                                      {product} {ergonomic}
   size_t SoftMaxHeapSize                          = 1862270976                             {manageable} {ergonomic}
     bool UseCompressedClassPointers               = true                           {product lp64_product} {ergonomic}
     bool UseCompressedOops                        = true                           {product lp64_product} {ergonomic}
     bool UseG1GC                                  = true                                      {product} {ergonomic}
     bool UseLargePagesIndividualAllocation        = false                                  {pd product} {ergonomic}

Logging:
Log output configuration:
 #0: stdout all=warning uptime,level,tags
 #1: stderr all=off uptime,level,tags

Environment Variables:
JAVA_HOME=C:\Users\Magnu\scoop\apps\adoptopenjdk-hotspot\current
PATH=C:\Program Files\Git\mingw64\libexec\git-core;C:\Program Files\Git\mingw64\libexec\git-core;C:\Program Files\Git\mingw64\bin;C:\Program Files\Git\usr\bin;C:\Users\Magnu\bin;C:\Program Files\Common Files\Oracle\Java\javapath;C:\Program Files (x86)\Common Files\Oracle\Java\javapath;C:\WINDOWS\system32;C:\WINDOWS;C:\WINDOWS\System32\Wbem;C:\WINDOWS\System32\WindowsPowerShell\v1.0;C:\WINDOWS\System32\OpenSSH;C:\Program Files (x86)\IVI Foundation\VISA\WinNT\Bin;C:\Program Files\Microsoft SQL Server\120\Tools\Binn;C:\Program Files (x86)\leJOS NXJ\bin;C:\Program Files\PuTTY;C:\Program Files (x86)\Microsoft SQL Server\160\Tools\Binn;C:\Program Files\Microsoft SQL Server\160\Tools\Binn;C:\Program Files\Microsoft SQL Server\Client SDK\ODBC\170\Tools\Binn;C:\Program Files\Microsoft SQL Server\160\DTS\Binn;C:\Program Files (x86)\Microsoft SQL Server\160\DTS\Binn;C:\Program Files\Azure Data Studio\bin;C:\Program Files\Microsoft SQL Server\150\Tools\Binn;C:\Program Files\Microsoft SQL Server\140\DTS\Binn;C:\Program Files\Microsoft SQL Server\150\DTS\Binn;C:\Program Files\nodejs;C:\Program Files\dotnet;C:\Users\Magnu\scoop\apps\adoptopenjdk-hotspot\current\bin;C:\Users\Magnu\scoop\shims;C:\Users\Magnu\AppData\Local\Microsoft\WindowsApps;C:\Users\Magnu\AppData\Local\Microsoft\WindowsApps;C:\Program Files (x86)\Brackets;C:\Program Files\Azure Data Studio\bin;C:\Users\Magnu\AppData\Local\Programs\Microsoft VS Code\bin;C:\Users\Magnu\AppData\Roaming\npm;C:\Users\Magnu\.dotnet\tools;C:\Program Files\JetBrains\JetBrains Rider 2023.2.1\bin
USERNAME=Magnu
DISPLAY=:0.0
LC_ALL=en_US.UTF-8
TERM=xterm-256color
TMPDIR=C:\Users\Magnu\AppData\Local\Temp
OS=Windows_NT
PROCESSOR_IDENTIFIER=AMD64 Family 23 Model 24 Stepping 1, AuthenticAMD
TMP=C:\Users\Magnu\AppData\Local\Temp
TEMP=C:\Users\Magnu\AppData\Local\Temp


JNI global refs:
JNI global refs: 0, weak refs: 0

JNI global refs memory usage: 0, weak refs: 0

OOME stack traces (most recent first):
Classloader memory used:


---------------  S Y S T E M  ---------------

OS:
 Windows 10 , 64 bit Build 19041 (10.0.19041.3570)
OS uptime: 10 days 0:07 hours

CPU: total 8 (initial active 8) (8 cores per cpu, 2 threads per core) family 23 model 24 stepping 1 microcode 0x0, cx8, cmov, fxsr, ht, mmx, 3dnowpref, sse, sse2, sse3, ssse3, sse4a, sse4.1, sse4.2, popcnt, lzcnt, tsc, tscinvbit, avx, avx2, aes, clmul, bmi1, bmi2, adx, sha, fma, vzeroupper, clflush, clflushopt
Processor Information for all 8 processors :
  Max Mhz: 2300, Current Mhz: 2300, Mhz Limit: 2300

Memory: 4k page, system-wide physical 7103M (683M free)
TotalPageFile size 28607M (AvailPageFile size 115M)
current process WorkingSet (physical memory assigned to process): 10M, peak: 10M
current process commit charge ("private bytes"): 60M, peak: 172M

vm_info: OpenJDK 64-Bit Server VM (17.0.8+7-b1000.8) for windows-amd64 JRE (17.0.8+7-b1000.8), built on 2023-08-04 by "builduser" with MS VC++ 16.10 / 16.11 (VS2019)

END.
